<?xml version="1.0" encoding="UTF-8"?>
<!-- Generated by org.testng.reporters.JUnitXMLReporter -->
<testsuite ignored="0" hostname="RAJA" failures="1" tests="2" name="regression" time="0.104" errors="0" timestamp="2026-01-20T20:58:31 IST">
  <testcase classname="test.LoginTest" name="validLoginTest" time="0.038">
    <failure type="java.lang.IllegalArgumentException" message="Input must be set">
      <![CDATA[java.lang.IllegalArgumentException: Input must be set
at org.openqa.selenium.internal.Require.nonNull(Require.java:60)
at org.openqa.selenium.support.ui.FluentWait.<init>(FluentWait.java:92)
at org.openqa.selenium.support.ui.WebDriverWait.<init>(WebDriverWait.java:74)
at org.openqa.selenium.support.ui.WebDriverWait.<init>(WebDriverWait.java:43)
at utils.WaitUtils.<init>(WaitUtils.java:16)
at pages.LoginPage.<init>(LoginPage.java:18)
at test.LoginTest.validLoginTest(LoginTest.java:11)
at java.base/java.util.ArrayList.forEach(ArrayList.java:1596)
... Removed 25 stack frames]]>
    </failure>
  </testcase> <!-- validLoginTest -->
  <testcase classname="test.SearchTest" name="search" time="0.005"/>
</testsuite> <!-- regression -->
