<?xml version="1.0" encoding="UTF-8"?>
<testng-results ignored="0" total="2" passed="1" failed="1" skipped="0">
  <reporter-output>
  </reporter-output>
  <suite started-at="2026-01-20T20:58:31 IST" name="Regression Suite" finished-at="2026-01-20T20:58:31 IST" duration-ms="104">
    <groups>
      <group name="regression">
        <method signature="LoginTest.validLoginTest()[pri:0, instance:test.LoginTest@5542c4ed]" name="validLoginTest" class="test.LoginTest"/>
        <method signature="SearchTest.search()[pri:0, instance:test.SearchTest@4116aac9]" name="search" class="test.SearchTest"/>
      </group> <!-- regression -->
      <group name="smoke">
        <method signature="LoginTest.validLoginTest()[pri:0, instance:test.LoginTest@5542c4ed]" name="validLoginTest" class="test.LoginTest"/>
      </group> <!-- smoke -->
    </groups>
    <test started-at="2026-01-20T20:58:31 IST" name="regression" finished-at="2026-01-20T20:58:31 IST" duration-ms="104">
      <class name="test.LoginTest">
        <test-method signature="validLoginTest()[pri:0, instance:test.LoginTest@5542c4ed]" started-at="2026-01-20T20:58:31 IST" name="validLoginTest" finished-at="2026-01-20T20:58:31 IST" duration-ms="38" status="FAIL">
          <exception class="java.lang.IllegalArgumentException">
            <message>
              <![CDATA[Input must be set]]>
            </message>
            <full-stacktrace>
              <![CDATA[java.lang.IllegalArgumentException: Input must be set
at org.openqa.selenium.internal.Require.nonNull(Require.java:60)
at org.openqa.selenium.support.ui.FluentWait.<init>(FluentWait.java:92)
at org.openqa.selenium.support.ui.WebDriverWait.<init>(WebDriverWait.java:74)
at org.openqa.selenium.support.ui.WebDriverWait.<init>(WebDriverWait.java:43)
at utils.WaitUtils.<init>(WaitUtils.java:16)
at pages.LoginPage.<init>(LoginPage.java:18)
at test.LoginTest.validLoginTest(LoginTest.java:11)
at java.base/jdk.internal.reflect.DirectMethodHandleAccessor.invoke(DirectMethodHandleAccessor.java:103)
at java.base/java.lang.reflect.Method.invoke(Method.java:580)
at org.testng.internal.invokers.MethodInvocationHelper.invokeMethod(MethodInvocationHelper.java:141)
at org.testng.internal.invokers.TestInvoker.invokeMethod(TestInvoker.java:687)
at org.testng.internal.invokers.TestInvoker.invokeTestMethod(TestInvoker.java:230)
at org.testng.internal.invokers.MethodRunner.runInSequence(MethodRunner.java:63)
at org.testng.internal.invokers.TestInvoker$MethodInvocationAgent.invoke(TestInvoker.java:995)
at org.testng.internal.invokers.TestInvoker.invokeTestMethods(TestInvoker.java:203)
at org.testng.internal.invokers.TestMethodWorker.invokeTestMethods(TestMethodWorker.java:154)
at org.testng.internal.invokers.TestMethodWorker.run(TestMethodWorker.java:134)
at java.base/java.util.ArrayList.forEach(ArrayList.java:1596)
at org.testng.TestRunner.privateRun(TestRunner.java:741)
at org.testng.TestRunner.run(TestRunner.java:616)
at org.testng.SuiteRunner.runTest(SuiteRunner.java:421)
at org.testng.SuiteRunner.runSequentially(SuiteRunner.java:413)
at org.testng.SuiteRunner.privateRun(SuiteRunner.java:373)
at org.testng.SuiteRunner.run(SuiteRunner.java:312)
at org.testng.SuiteRunnerWorker.runSuite(SuiteRunnerWorker.java:52)
at org.testng.SuiteRunnerWorker.run(SuiteRunnerWorker.java:95)
at org.testng.TestNG.runSuitesSequentially(TestNG.java:1274)
at org.testng.TestNG.runSuitesLocally(TestNG.java:1208)
at org.testng.TestNG.runSuites(TestNG.java:1112)
at org.testng.TestNG.run(TestNG.java:1079)
at org.testng.remote.AbstractRemoteTestNG.run(AbstractRemoteTestNG.java:115)
at org.testng.remote.RemoteTestNG.initAndRun(RemoteTestNG.java:293)
at org.testng.remote.RemoteTestNG.main(RemoteTestNG.java:91)
]]>
            </full-stacktrace>
          </exception> <!-- java.lang.IllegalArgumentException -->
          <reporter-output>
          </reporter-output>
        </test-method> <!-- validLoginTest -->
      </class> <!-- test.LoginTest -->
      <class name="test.SearchTest">
        <test-method signature="search()[pri:0, instance:test.SearchTest@4116aac9]" started-at="2026-01-20T20:58:31 IST" name="search" finished-at="2026-01-20T20:58:31 IST" duration-ms="5" status="PASS">
          <reporter-output>
          </reporter-output>
        </test-method> <!-- search -->
      </class> <!-- test.SearchTest -->
    </test> <!-- regression -->
  </suite> <!-- Regression Suite -->
</testng-results>
