<?xml version="1.0" encoding="UTF-8"?>
<testng-results ignored="0" total="1" passed="1" failed="0" skipped="0">
  <reporter-output>
  </reporter-output>
  <suite started-at="2026-01-17T11:23:07 IST" name="Default suite" finished-at="2026-01-17T11:23:23 IST" duration-ms="16602">
    <groups>
    </groups>
    <test started-at="2026-01-17T11:23:07 IST" name="Default test" finished-at="2026-01-17T11:23:23 IST" duration-ms="16602">
      <class name="test.LoginTest">
        <test-method is-config="true" signature="setup()[pri:0, instance:test.LoginTest@6025e1b6]" started-at="2026-01-17T11:23:07 IST" name="setup" finished-at="2026-01-17T11:23:20 IST" duration-ms="13064" status="PASS">
          <reporter-output>
          </reporter-output>
        </test-method> <!-- setup -->
        <test-method signature="validLoginTest()[pri:0, instance:test.LoginTest@6025e1b6]" started-at="2026-01-17T11:23:20 IST" name="validLoginTest" finished-at="2026-01-17T11:23:23 IST" duration-ms="3321" status="PASS">
          <reporter-output>
          </reporter-output>
        </test-method> <!-- validLoginTest -->
        <test-method is-config="true" signature="tearDown()[pri:0, instance:test.LoginTest@6025e1b6]" started-at="2026-01-17T11:23:23 IST" name="tearDown" finished-at="2026-01-17T11:23:23 IST" duration-ms="180" status="PASS">
          <reporter-output>
          </reporter-output>
        </test-method> <!-- tearDown -->
      </class> <!-- test.LoginTest -->
    </test> <!-- Default test -->
  </suite> <!-- Default suite -->
</testng-results>
